<?xml version="1.0" encoding="UTF-8"?>
<!-- Generated by org.testng.reporters.JUnitXMLReporter -->
<testsuite ignored="0" hostname="Predator" failures="0" tests="2" name="Default test" time="30.257" errors="0" timestamp="2025-07-15T11:40:49 IST">
  <testcase classname="stthomas.stc_research_automation.tests.Consultancy" name="navigateToConsultancy" time="7.001"/>
  <testcase classname="stthomas.stc_research_automation.tests.Consultancy" name="handleConsultancyDocuments" time="8.679"/>
</testsuite> <!-- Default test -->
