<?xml version="1.0" encoding="UTF-8"?>
<!-- Generated by org.testng.reporters.JUnitXMLReporter -->
<testsuite ignored="5" hostname="Predator" failures="1" tests="1" name="Smoke" time="0.228" errors="0" timestamp="2025-07-14T11:27:31 IST">
  <testcase classname="stthomas.stc_research_automation.tests.AboutRAC" name="verifyAboutPageTitle" time="0.065">
    <failure type="java.lang.NullPointerException" message="Cannot invoke &amp;quot;org.openqa.selenium.WebDriver.getTitle()&amp;quot; because &amp;quot;this.driver&amp;quot; is null">
      <![CDATA[java.lang.NullPointerException: Cannot invoke "org.openqa.selenium.WebDriver.getTitle()" because "this.driver" is null
at stthomas.stc_research_automation.tests.AboutRAC.verifyAboutPageTitle(AboutRAC.java:21)
at java.base/java.util.ArrayList.forEach(ArrayList.java:1596)
... Removed 25 stack frames]]>
    </failure>
  </testcase> <!-- verifyAboutPageTitle -->
  <testcase classname="stthomas.stc_research_automation.tests.AboutRAC" name="verifyResearchCouncilNavigation" time="0.0">
    <ignored/>
  </testcase> <!-- verifyResearchCouncilNavigation -->
  <testcase classname="stthomas.stc_research_automation.tests.AboutRAC" name="verifyPhdAwardeesSections" time="0.0">
    <ignored/>
  </testcase> <!-- verifyPhdAwardeesSections -->
  <testcase classname="stthomas.stc_research_automation.tests.AboutRAC" name="verifyDirectorateOfResearchLink" time="0.0">
    <ignored/>
  </testcase> <!-- verifyDirectorateOfResearchLink -->
  <testcase classname="stthomas.stc_research_automation.tests.AboutRAC" name="verifyPhdPageNavigation" time="0.0">
    <ignored/>
  </testcase> <!-- verifyPhdPageNavigation -->
  <testcase classname="stthomas.stc_research_automation.tests.AboutRAC" name="verifyAnnualResearchReports" time="0.0">
    <ignored/>
  </testcase> <!-- verifyAnnualResearchReports -->
</testsuite> <!-- Smoke -->
