<?xml version="1.0" encoding="UTF-8"?>
<!-- Generated by org.testng.reporters.JUnitXMLReporter -->
<testsuite ignored="5" hostname="Predator" failures="1" tests="1" name="Test" time="6.431" errors="0" timestamp="2025-07-15T13:02:06 IST">
  <testcase classname="stthomas.stc_research_automation.tests.AboutRAC" name="verifyAboutPageTitle" time="0.055">
    <failure type="java.lang.AssertionError" message="The following asserts failed:
	About Research Advisory Council - Page title mismatch expected [About Research Advisory Council _ St Thomas College (Autonomous)] but found [About Research Advisory Council - St Thomas College (Autonomous)]">
      <![CDATA[java.lang.AssertionError: The following asserts failed:
About Research Advisory Council - Page title mismatch expected [About Research Advisory Council _ St Thomas College (Autonomous)] but found [About Research Advisory Council - St Thomas College (Autonomous)]
at stthomas.stc_research_automation.tests.AboutRAC.verifyAboutPageTitle(AboutRAC.java:31)
at java.base/java.util.ArrayList.forEach(ArrayList.java:1596)
... Removed 27 stack frames]]>
    </failure>
  </testcase> <!-- verifyAboutPageTitle -->
  <testcase classname="stthomas.stc_research_automation.tests.AboutRAC" name="verifyPhdAwardeesSections" time="0.0">
    <ignored/>
  </testcase> <!-- verifyPhdAwardeesSections -->
  <testcase classname="stthomas.stc_research_automation.tests.AboutRAC" name="verifyAnnualResearchReports" time="0.0">
    <ignored/>
  </testcase> <!-- verifyAnnualResearchReports -->
  <testcase classname="stthomas.stc_research_automation.tests.AboutRAC" name="verifyResearchCouncilNavigation" time="0.0">
    <ignored/>
  </testcase> <!-- verifyResearchCouncilNavigation -->
  <testcase classname="stthomas.stc_research_automation.tests.AboutRAC" name="verifyPhdPageNavigation" time="0.0">
    <ignored/>
  </testcase> <!-- verifyPhdPageNavigation -->
  <testcase classname="stthomas.stc_research_automation.tests.AboutRAC" name="verifyDirectorateOfResearchLink" time="0.0">
    <ignored/>
  </testcase> <!-- verifyDirectorateOfResearchLink -->
</testsuite> <!-- Test -->
